<?xml version="1.0" encoding="UTF-8"?>
<!-- Generated by org.testng.reporters.JUnitReportReporter -->
<testsuite hostname="Kunal" failures="0" tests="2" name="testCases.TC001_AccountRegistrationTest" time="5.489" errors="0" timestamp="2026-03-22T19:42:06 IST" skipped="0">
  <testcase classname="testCases.TC001_AccountRegistrationTest" name="verify_account_registration" time="2.649"/>
  <testcase classname="testCases.TC001_AccountRegistrationTest" name="verify_account_registration" time="2.840"/>
</testsuite> <!-- testCases.TC001_AccountRegistrationTest -->
