<?xml version="1.0" encoding="UTF-8"?>
<!-- Generated by org.testng.reporters.JUnitReportReporter -->
<testsuite hostname="Kunal" failures="0" tests="6" name="testCases.TC003_LoginDDT" time="50.170" errors="0" timestamp="2026-03-15T18:20:01 IST" skipped="0">
  <testcase classname="testCases.TC003_LoginDDT" name="verify_loginDDT" time="5.265"/>
  <testcase classname="testCases.TC003_LoginDDT" name="verify_loginDDT" time="5.175"/>
  <testcase classname="testCases.TC003_LoginDDT" name="verify_loginDDT" time="5.398"/>
  <testcase classname="testCases.TC003_LoginDDT" name="verify_loginDDT" time="14.678"/>
  <testcase classname="testCases.TC003_LoginDDT" name="verify_loginDDT" time="5.760"/>
  <testcase classname="testCases.TC003_LoginDDT" name="verify_loginDDT" time="13.894"/>
</testsuite> <!-- testCases.TC003_LoginDDT -->
